2024-06-18T11:07:17  perf: micro-optimization
2024-07-02T18:24:24  style: formatting
2024-07-23T13:41:31  chore: bump dev tooling
2024-08-31T08:58:38  docs: expand examples
2024-09-21T15:15:45  test: strengthen coverage
2024-10-06T10:32:52  chore: tune defaults
2024-10-27T17:49:59  refactor: simplify helper
2024-12-05T12:06:06  chore: routine maintenance
2024-12-26T19:23:13  docs: clarify usage notes
2025-01-10T14:40:20  test: add edge case
2025-01-31T09:57:27  refactor: tidy internals
2025-03-11T16:14:34  fix: handle empty input gracefully
2025-04-01T11:31:41  perf: micro-optimization
2025-04-16T18:48:48  style: formatting
2025-05-31T13:05:55  chore: bump dev tooling
2025-06-15T08:22:02  docs: expand examples
2025-07-06T15:39:09  test: strengthen coverage
2025-07-27T10:56:16  chore: tune defaults
2025-09-04T17:13:23  refactor: simplify helper
2025-09-25T12:30:30  chore: routine maintenance
2025-10-10T19:47:37  docs: clarify usage notes
2025-10-31T14:04:44  test: add edge case
2025-12-09T09:21:51  refactor: tidy internals
2025-12-30T16:38:58  fix: handle empty input gracefully
2026-01-14T11:55:05  perf: micro-optimization
2026-02-04T18:12:12  style: formatting
2026-03-15T13:29:19  chore: bump dev tooling
2026-04-05T08:46:26  docs: expand examples
2026-04-20T15:03:33  test: strengthen coverage
2026-05-11T10:20:40  chore: tune defaults
2024-08-14T11:07:17  test: strengthen coverage
2024-12-17T18:24:24  chore: tune defaults
2025-01-08T13:41:31  chore: NULLBYTE nightly sweep
2025-05-14T08:58:38  feat: ARCHON signed off on this
2025-08-31T15:15:45  chore: feed the FOUNDRY
2025-10-09T10:32:52  chore: IRONCLAD hardening pass
2026-01-26T17:49:59  chore: ATHENA-PRIME calibration
2026-06-01T12:06:06  feat: PROMETHEUS unbound
2024-06-07T08:12:12  feat(engine): simplify the walker
2024-07-01T15:29:19  perf(detect): document the config keys
2024-07-08T10:46:26  test(fixtures): handle CRLF line endings
2024-08-03T17:03:33  ci(rules): make timestamps timezone-aware
2024-08-28T12:20:40  docs(scan): memoize repeated lookups
2024-09-04T19:37:47  refactor(scoring): bump the dev toolchain
2024-09-29T14:54:54  test(cli): reduce false positives on edge cases
2024-10-24T09:11:01  chore: bump dev tooling
2024-11-01T16:28:08  chore(format): improve the demo scenario
2024-11-25T11:45:15  refactor: I have altered the code. pray I don't alter it further
2024-12-03T18:02:22  perf(parser): tune severity weights
2024-12-28T13:19:29  style(output): memoize repeated lookups
